{
  "RSpec": {
    "coverage": {
      "/Users/eczerega/Desktop/taleer/tareas/T2/T2_travis/app/helpers/api_helper.rb": [
        1,
        null
      ],
      "/Users/eczerega/Desktop/taleer/tareas/T2/T2_travis/app/helpers/application_helper.rb": [
        1,
        null
      ],
      "/Users/eczerega/Desktop/taleer/tareas/T2/T2_travis/app/helpers/home_helper.rb": [
        1,
        null
      ],
      "/Users/eczerega/Desktop/taleer/tareas/T2/T2_travis/app/helpers/updates_helper.rb": [
        1,
        null
      ],
      "/Users/eczerega/Desktop/taleer/tareas/T2/T2_travis/app/controllers/home_controller.rb": [
        1,
        1,
        1,
        null,
        null,
        1,
        6,
        6,
        6,
        4,
        4,
        4,
        4,
        4,
        4,
        4,
        4,
        4,
        4,
        null,
        4,
        3,
        3,
        3,
        3,
        3,
        3,
        3,
        3,
        3,
        3,
        3,
        3,
        3,
        3,
        null,
        60,
        60,
        60,
        60,
        60,
        60,
        60,
        null,
        3,
        3,
        0,
        null,
        3,
        null,
        6,
        null,
        null,
        1,
        1,
        2,
        null,
        null,
        null,
        null,
        2,
        4,
        null,
        null,
        null,
        null,
        null,
        null
      ],
      "/Users/eczerega/Desktop/taleer/tareas/T2/T2_travis/app/controllers/application_controller.rb": [
        1,
        null,
        null,
        1,
        null
      ],
      "/Users/eczerega/Desktop/taleer/tareas/T2/T2_travis/app/controllers/updates_controller.rb": [
        1,
        1,
        null,
        null,
        null,
        1,
        1,
        null,
        null,
        null,
        null,
        1,
        null,
        null,
        null,
        1,
        1,
        null,
        null,
        null,
        1,
        null,
        null,
        null,
        null,
        1,
        0,
        null,
        0,
        0,
        0,
        0,
        null,
        0,
        0,
        null,
        null,
        null,
        null,
        null,
        null,
        1,
        0,
        0,
        0,
        0,
        null,
        0,
        0,
        null,
        null,
        null,
        null,
        null,
        null,
        1,
        0,
        0,
        0,
        0,
        null,
        null,
        null,
        1,
        null,
        1,
        0,
        null,
        null,
        null,
        1,
        0,
        null,
        null
      ],
      "/Users/eczerega/Desktop/taleer/tareas/T2/T2_travis/app/models/update.rb": [
        1,
        null
      ],
      "/Users/eczerega/Desktop/taleer/tareas/T2/T2_travis/app/controllers/api_controller.rb": [
        0,
        0
      ]
    },
    "timestamp": 1463336944
  }
}
